{
  "RSpec": {
    "coverage": {
      "/Users/georgesoderholm/professional/karin_soderholm/karin_soderholm_be/app/controllers/artist_statements_controller.rb": {
        "lines": [
          1,
          1,
          null,
          null,
          1,
          1,
          null,
          1,
          null,
          null,
          null,
          1,
          1,
          null,
          null,
          null,
          1,
          4,
          null,
          4,
          2,
          null,
          2,
          null,
          null,
          null,
          null,
          1,
          3,
          2,
          null,
          1,
          null,
          null,
          null,
          null,
          1,
          1,
          null,
          null,
          1,
          null,
          1,
          5,
          null,
          null,
          null,
          1,
          7,
          null,
          null
        ]
      },
      "/Users/georgesoderholm/professional/karin_soderholm/karin_soderholm_be/app/controllers/application_controller.rb": {
        "lines": [
          1,
          null
        ]
      },
      "/Users/georgesoderholm/professional/karin_soderholm/karin_soderholm_be/app/controllers/artshow_artworks_controller.rb": {
        "lines": [
          1,
          1,
          null,
          null,
          1,
          0,
          null,
          0,
          null,
          null,
          null,
          1,
          0,
          null,
          null,
          null,
          1,
          0,
          null,
          0,
          0,
          null,
          0,
          null,
          null,
          null,
          null,
          1,
          0,
          0,
          null,
          0,
          null,
          null,
          null,
          null,
          1,
          0,
          null,
          null,
          1,
          null,
          1,
          0,
          null,
          null,
          null,
          1,
          0,
          null,
          null
        ]
      },
      "/Users/georgesoderholm/professional/karin_soderholm/karin_soderholm_be/app/controllers/artshows_controller.rb": {
        "lines": [
          1,
          1,
          null,
          null,
          1,
          1,
          null,
          1,
          null,
          null,
          null,
          1,
          1,
          null,
          null,
          null,
          1,
          4,
          null,
          4,
          2,
          null,
          2,
          null,
          null,
          null,
          null,
          1,
          3,
          2,
          null,
          1,
          null,
          null,
          null,
          null,
          1,
          1,
          null,
          null,
          1,
          null,
          1,
          5,
          null,
          null,
          null,
          1,
          7,
          null,
          null
        ]
      },
      "/Users/georgesoderholm/professional/karin_soderholm/karin_soderholm_be/app/controllers/artworks_controller.rb": {
        "lines": [
          1,
          1,
          null,
          null,
          1,
          1,
          1,
          null,
          null,
          null,
          1,
          1,
          null,
          null,
          null,
          1,
          5,
          5,
          3,
          null,
          null,
          2,
          null,
          null,
          null,
          null,
          1,
          3,
          2,
          null,
          1,
          null,
          null,
          null,
          null,
          1,
          1,
          null,
          null,
          1,
          null,
          1,
          5,
          null,
          null,
          null,
          1,
          8,
          null,
          null
        ]
      },
      "/Users/georgesoderholm/professional/karin_soderholm/karin_soderholm_be/app/controllers/classrooms_controller.rb": {
        "lines": [
          1,
          1,
          null,
          null,
          1,
          2,
          null,
          2,
          null,
          null,
          null,
          1,
          1,
          null,
          null,
          null,
          1,
          4,
          null,
          4,
          2,
          null,
          2,
          null,
          null,
          null,
          null,
          1,
          3,
          2,
          null,
          1,
          null,
          null,
          null,
          null,
          1,
          1,
          null,
          null,
          1,
          null,
          1,
          5,
          null,
          null,
          null,
          1,
          7,
          null,
          null
        ]
      },
      "/Users/georgesoderholm/professional/karin_soderholm/karin_soderholm_be/app/controllers/clothings_controller.rb": {
        "lines": [
          1,
          1,
          null,
          null,
          1,
          1,
          null,
          1,
          null,
          null,
          null,
          1,
          1,
          null,
          null,
          null,
          1,
          4,
          null,
          4,
          2,
          null,
          2,
          null,
          null,
          null,
          null,
          1,
          3,
          2,
          null,
          1,
          null,
          null,
          null,
          null,
          1,
          1,
          null,
          null,
          1,
          null,
          1,
          5,
          null,
          null,
          null,
          1,
          7,
          null,
          null
        ]
      },
      "/Users/georgesoderholm/professional/karin_soderholm/karin_soderholm_be/app/controllers/fabrics_controller.rb": {
        "lines": [
          1,
          1,
          null,
          null,
          1,
          1,
          null,
          1,
          null,
          null,
          null,
          1,
          1,
          null,
          null,
          null,
          1,
          4,
          null,
          4,
          2,
          null,
          2,
          null,
          null,
          null,
          null,
          1,
          3,
          2,
          null,
          1,
          null,
          null,
          null,
          null,
          1,
          1,
          null,
          null,
          1,
          null,
          1,
          5,
          null,
          null,
          null,
          1,
          7,
          null,
          null
        ]
      },
      "/Users/georgesoderholm/professional/karin_soderholm/karin_soderholm_be/app/controllers/materials_controller.rb": {
        "lines": [
          1,
          1,
          null,
          null,
          1,
          1,
          null,
          1,
          null,
          null,
          null,
          1,
          1,
          null,
          null,
          null,
          1,
          4,
          4,
          2,
          null,
          2,
          null,
          null,
          null,
          null,
          1,
          3,
          2,
          null,
          1,
          null,
          null,
          null,
          null,
          1,
          1,
          null,
          null,
          1,
          null,
          1,
          5,
          null,
          null,
          null,
          1,
          7,
          null,
          null
        ]
      },
      "/Users/georgesoderholm/professional/karin_soderholm/karin_soderholm_be/app/controllers/patterns_controller.rb": {
        "lines": [
          1,
          1,
          null,
          null,
          1,
          1,
          null,
          1,
          null,
          null,
          null,
          1,
          1,
          null,
          null,
          null,
          1,
          4,
          null,
          4,
          2,
          null,
          2,
          null,
          null,
          null,
          null,
          1,
          3,
          2,
          null,
          1,
          null,
          null,
          null,
          null,
          1,
          1,
          null,
          null,
          1,
          null,
          1,
          5,
          null,
          null,
          null,
          1,
          7,
          null,
          null
        ]
      },
      "/Users/georgesoderholm/professional/karin_soderholm/karin_soderholm_be/app/controllers/requirements_controller.rb": {
        "lines": [
          1,
          1,
          null,
          null,
          1,
          1,
          null,
          1,
          null,
          null,
          null,
          1,
          1,
          null,
          null,
          null,
          1,
          4,
          null,
          4,
          2,
          null,
          2,
          null,
          null,
          null,
          null,
          1,
          3,
          2,
          null,
          1,
          null,
          null,
          null,
          null,
          1,
          1,
          null,
          null,
          1,
          null,
          1,
          5,
          null,
          null,
          null,
          1,
          7,
          null,
          null
        ]
      },
      "/Users/georgesoderholm/professional/karin_soderholm/karin_soderholm_be/app/controllers/tools_controller.rb": {
        "lines": [
          1,
          1,
          null,
          null,
          1,
          1,
          null,
          1,
          null,
          null,
          null,
          1,
          1,
          null,
          null,
          null,
          1,
          4,
          null,
          4,
          2,
          null,
          2,
          null,
          null,
          null,
          null,
          1,
          3,
          2,
          null,
          1,
          null,
          null,
          null,
          null,
          1,
          1,
          null,
          null,
          1,
          null,
          1,
          5,
          null,
          null,
          null,
          1,
          7,
          null,
          null
        ]
      }
    },
    "timestamp": 1618677335
  }
}
